SF:lib/main.dart
DA:6,0
DA:7,0
DA:11,2
DA:13,1
DA:15,1
DA:16,1
DA:17,1
DA:19,1
DA:20,1
DA:22,1
DA:24,1
DA:36,1
DA:38,1
DA:39,1
DA:44,1
DA:46,2
DA:47,3
DA:48,2
DA:49,2
DA:54,1
DA:55,1
DA:56,2
DA:57,1
DA:58,6
LF:24
LH:22
end_of_record
SF:lib/providers/documents_provider.dart
DA:5,0
DA:6,0
DA:8,0
DA:9,0
DA:10,0
DA:14,3
DA:15,2
DA:18,3
DA:19,1
DA:23,3
DA:24,0
DA:25,0
DA:27,0
DA:29,0
DA:30,0
DA:34,4
DA:35,2
DA:36,2
DA:37,5
DA:38,2
DA:39,1
DA:40,3
DA:41,1
DA:43,1
DA:48,0
DA:49,0
DA:50,0
DA:52,0
DA:53,0
LF:29
LH:14
end_of_record
SF:lib/screens/documents.dart
DA:8,1
DA:10,1
DA:12,2
DA:15,1
DA:19,1
DA:20,0
DA:21,0
DA:22,0
DA:23,0
DA:30,1
DA:31,1
DA:34,1
DA:35,1
DA:37,1
DA:45,1
DA:47,1
DA:49,2
DA:50,1
DA:52,1
DA:54,1
DA:55,1
DA:56,1
DA:59,1
DA:60,4
DA:61,1
DA:64,1
DA:65,2
DA:67,2
DA:70,1
DA:75,1
DA:76,1
DA:78,1
DA:79,4
DA:90,1
DA:92,1
DA:94,2
DA:95,1
DA:96,1
DA:97,1
DA:98,1
DA:99,1
DA:108,1
DA:115,1
DA:117,1
DA:118,0
DA:119,0
DA:121,7
DA:122,4
LF:48
LH:42
end_of_record
SF:lib/router/router.dart
DA:4,3
DA:6,1
LF:2
LH:2
end_of_record
SF:lib/router/routes.dart
DA:21,1
DA:23,1
DA:30,0
DA:36,0
DA:38,0
DA:39,0
DA:45,0
DA:51,0
DA:53,0
DA:54,0
LF:10
LH:2
end_of_record
SF:lib/router/routes.g.dart
DA:9,2
DA:10,1
DA:13,2
DA:16,1
DA:17,1
DA:20,1
DA:21,1
DA:31,1
DA:34,0
DA:38,0
DA:40,0
DA:42,0
DA:43,0
DA:45,0
DA:49,0
DA:50,0
DA:53,0
DA:54,0
DA:57,0
DA:59,0
DA:61,0
DA:62,0
DA:64,0
DA:68,0
DA:69,0
DA:72,0
DA:73,0
DA:76,0
DA:78,0
DA:80,0
DA:81,0
DA:83,0
LF:32
LH:8
end_of_record
SF:lib/screens/document.dart
DA:7,0
DA:10,0
DA:12,0
DA:15,0
DA:19,0
DA:20,0
DA:21,0
DA:22,0
DA:23,0
DA:27,0
DA:30,0
DA:31,0
DA:35,0
DA:36,0
DA:37,0
DA:46,0
DA:49,0
DA:51,0
DA:52,0
DA:53,0
DA:54,0
DA:55,0
DA:57,0
DA:58,0
DA:60,0
DA:61,0
LF:26
LH:0
end_of_record
SF:lib/screens/document_edit.dart
DA:6,0
DA:9,0
DA:11,0
DA:14,0
DA:18,0
DA:19,0
DA:20,0
DA:21,0
DA:22,0
DA:26,0
DA:29,0
DA:30,0
DA:39,0
DA:42,0
DA:44,0
DA:45,0
DA:46,0
DA:47,0
DA:48,0
DA:50,0
DA:51,0
DA:53,0
DA:54,0
LF:23
LH:0
end_of_record
